<?xml version="1.0" encoding="UTF-8"?>
<!-- Generated by org.testng.reporters.JUnitXMLReporter -->
<testsuite ignored="0" hostname="WINDOWS-N0Q5TOC" failures="0" tests="2" name="Command line test" time="28.082" errors="0" timestamp="2023-10-13T01:10:38 EDT">
  <testcase classname="mavenauto.LoginTest" name="loginWithCorrectCredentialsTest" time="8.412"/>
  <testcase classname="mavenauto.NegativeLoginTest" name="loginWithIncorrectPasswordTest" time="8.412"/>
</testsuite> <!-- Command line test -->
